<?xml version="1.0" encoding="UTF-8"?>
<!-- Generated by org.testng.reporters.JUnitReportReporter -->
<testsuite hostname="Sharmin_HP" failures="0" tests="1" name="WaterfallTestRunner.waterfallTestRunner" time="8.031" errors="0" timestamp="2023-05-04T02:14:54 EDT" skipped="0">
  <testcase classname="WaterfallTestRunner.waterfallTestRunner" name="feature" time="8.031"/>
  <system-out/>
</testsuite> <!-- WaterfallTestRunner.waterfallTestRunner -->
